<?xml version="1.0" encoding="UTF-8"?>
<!-- Generated by org.testng.reporters.JUnitXMLReporter -->
<testsuite hostname="Sahils-MacBook.local" ignored="0" name="Test" tests="15" failures="1" timestamp="2020-03-23T15:40:28 COT" time="49.26" errors="0">
  <testcase name="validateLogout_ResponseBody" time="0.018" classname="com.PetStoreAPI.TestCases.TC005_LogoutUser_Test"/>
  <testcase name="validateLogout_code" time="0.002" classname="com.PetStoreAPI.TestCases.TC005_LogoutUser_Test"/>
  <testcase name="validateLogout_time" time="0.002" classname="com.PetStoreAPI.TestCases.TC005_LogoutUser_Test"/>
  <testcase name="validateLogin_ResponseCode" time="0.002" classname="com.PetStoreAPI.TestCases.TC002_loginAPI_Test"/>
  <testcase name="validateLogin_ResponseTime" time="0.003" classname="com.PetStoreAPI.TestCases.TC002_loginAPI_Test"/>
  <testcase name="validateLogin_responsebody" time="0.003" classname="com.PetStoreAPI.TestCases.TC002_loginAPI_Test"/>
  <testcase name="validateUpdateUser_ResponseBody" time="0.004" classname="com.PetStoreAPI.TestCases.TC004_UpdateUser_Test"/>
  <testcase name="validateUpdateUser_ResponseCode" time="0.003" classname="com.PetStoreAPI.TestCases.TC004_UpdateUser_Test"/>
  <testcase name="validateUpdateUser_ResponseTime" time="0.003" classname="com.PetStoreAPI.TestCases.TC004_UpdateUser_Test"/>
  <testcase name="validateFetchUser_ResponseCode" time="0.003" classname="com.PetStoreAPI.TestCases.TC003_fetchUserDetails_Test">
    <failure type="java.lang.AssertionError" message="expected:&amp;lt;404&amp;gt; but was:&amp;lt;200&amp;gt;">
      <![CDATA[java.lang.AssertionError: expected:<404> but was:<200>
at com.PetStoreAPI.TestCases.TC003_fetchUserDetails_Test.validateFetchUser_ResponseCode(TC003_fetchUserDetails_Test.java:55)
at java.util.ArrayList.forEach(ArrayList.java:1257)
... Removed 32 stack frames]]>
    </failure>
  </testcase> <!-- validateFetchUser_ResponseCode -->
  <testcase name="validateFetchUser_responseBody" time="0.005" classname="com.PetStoreAPI.TestCases.TC003_fetchUserDetails_Test"/>
  <testcase name="validateFetchuser_ResponseTime" time="0.002" classname="com.PetStoreAPI.TestCases.TC003_fetchUserDetails_Test"/>
  <testcase name="validateCreateUser_ResponseBody" time="0.003" classname="com.PetStoreAPI.TestCases.TC001_CreateUser_Test"/>
  <testcase name="validateCreateUser_ResponseCode" time="0.002" classname="com.PetStoreAPI.TestCases.TC001_CreateUser_Test"/>
  <testcase name="validateCreateUser_time" time="0.002" classname="com.PetStoreAPI.TestCases.TC001_CreateUser_Test"/>
</testsuite> <!-- Test -->
