<?xml version="1.0" encoding="UTF-8"?>
<testng-results skipped="0" failed="1" ignored="0" total="15" passed="14">
  <reporter-output>
  </reporter-output>
  <suite name="Suite" duration-ms="49260" started-at="2020-03-23T15:39:39 COT" finished-at="2020-03-23T15:40:28 COT">
    <groups>
    </groups>
    <test name="Test" duration-ms="49260" started-at="2020-03-23T15:39:39 COT" finished-at="2020-03-23T15:40:28 COT">
      <class name="com.PetStoreAPI.TestCases.TC002_loginAPI_Test">
        <test-method status="PASS" signature="loginAPI()[pri:0, instance:com.PetStoreAPI.TestCases.TC002_loginAPI_Test@458c1321]" name="loginAPI" is-config="true" duration-ms="6041" started-at="2020-03-23T15:39:47 COT" finished-at="2020-03-23T15:39:53 COT">
          <reporter-output>
          </reporter-output>
        </test-method> <!-- loginAPI -->
        <test-method status="PASS" signature="validateLogin_ResponseCode()[pri:0, instance:com.PetStoreAPI.TestCases.TC002_loginAPI_Test@458c1321]" name="validateLogin_ResponseCode" duration-ms="2" started-at="2020-03-23T15:39:53 COT" finished-at="2020-03-23T15:39:53 COT">
          <reporter-output>
          </reporter-output>
        </test-method> <!-- validateLogin_ResponseCode -->
        <test-method status="PASS" signature="validateLogin_ResponseTime()[pri:0, instance:com.PetStoreAPI.TestCases.TC002_loginAPI_Test@458c1321]" name="validateLogin_ResponseTime" duration-ms="3" started-at="2020-03-23T15:39:53 COT" finished-at="2020-03-23T15:39:53 COT">
          <reporter-output>
          </reporter-output>
        </test-method> <!-- validateLogin_ResponseTime -->
        <test-method status="PASS" signature="validateLogin_responsebody()[pri:0, instance:com.PetStoreAPI.TestCases.TC002_loginAPI_Test@458c1321]" name="validateLogin_responsebody" duration-ms="3" started-at="2020-03-23T15:39:53 COT" finished-at="2020-03-23T15:39:53 COT">
          <reporter-output>
          </reporter-output>
        </test-method> <!-- validateLogin_responsebody -->
      </class> <!-- com.PetStoreAPI.TestCases.TC002_loginAPI_Test -->
      <class name="com.PetStoreAPI.TestCases.TC004_UpdateUser_Test">
        <test-method status="PASS" signature="UpdateUser()[pri:0, instance:com.PetStoreAPI.TestCases.TC004_UpdateUser_Test@11438d26]" name="UpdateUser" is-config="true" duration-ms="5731" started-at="2020-03-23T15:39:53 COT" finished-at="2020-03-23T15:39:59 COT">
          <reporter-output>
          </reporter-output>
        </test-method> <!-- UpdateUser -->
        <test-method status="PASS" signature="validateUpdateUser_ResponseBody()[pri:0, instance:com.PetStoreAPI.TestCases.TC004_UpdateUser_Test@11438d26]" name="validateUpdateUser_ResponseBody" duration-ms="4" started-at="2020-03-23T15:39:59 COT" finished-at="2020-03-23T15:39:59 COT">
          <reporter-output>
          </reporter-output>
        </test-method> <!-- validateUpdateUser_ResponseBody -->
        <test-method status="PASS" signature="validateUpdateUser_ResponseCode()[pri:0, instance:com.PetStoreAPI.TestCases.TC004_UpdateUser_Test@11438d26]" name="validateUpdateUser_ResponseCode" duration-ms="3" started-at="2020-03-23T15:39:59 COT" finished-at="2020-03-23T15:39:59 COT">
          <reporter-output>
          </reporter-output>
        </test-method> <!-- validateUpdateUser_ResponseCode -->
        <test-method status="PASS" signature="validateUpdateUser_ResponseTime()[pri:0, instance:com.PetStoreAPI.TestCases.TC004_UpdateUser_Test@11438d26]" name="validateUpdateUser_ResponseTime" duration-ms="3" started-at="2020-03-23T15:39:59 COT" finished-at="2020-03-23T15:39:59 COT">
          <reporter-output>
          </reporter-output>
        </test-method> <!-- validateUpdateUser_ResponseTime -->
      </class> <!-- com.PetStoreAPI.TestCases.TC004_UpdateUser_Test -->
      <class name="com.PetStoreAPI.TestCases.TC001_CreateUser_Test">
        <test-method status="PASS" signature="CreateUser()[pri:0, instance:com.PetStoreAPI.TestCases.TC001_CreateUser_Test@7a1ebcd8]" name="CreateUser" is-config="true" duration-ms="3678" started-at="2020-03-23T15:40:24 COT" finished-at="2020-03-23T15:40:28 COT">
          <reporter-output>
          </reporter-output>
        </test-method> <!-- CreateUser -->
        <test-method status="PASS" signature="validateCreateUser_ResponseBody()[pri:0, instance:com.PetStoreAPI.TestCases.TC001_CreateUser_Test@7a1ebcd8]" name="validateCreateUser_ResponseBody" duration-ms="3" started-at="2020-03-23T15:40:28 COT" finished-at="2020-03-23T15:40:28 COT">
          <reporter-output>
          </reporter-output>
        </test-method> <!-- validateCreateUser_ResponseBody -->
        <test-method status="PASS" signature="validateCreateUser_ResponseCode()[pri:0, instance:com.PetStoreAPI.TestCases.TC001_CreateUser_Test@7a1ebcd8]" name="validateCreateUser_ResponseCode" duration-ms="2" started-at="2020-03-23T15:40:28 COT" finished-at="2020-03-23T15:40:28 COT">
          <reporter-output>
          </reporter-output>
        </test-method> <!-- validateCreateUser_ResponseCode -->
        <test-method status="PASS" signature="validateCreateUser_time()[pri:0, instance:com.PetStoreAPI.TestCases.TC001_CreateUser_Test@7a1ebcd8]" name="validateCreateUser_time" duration-ms="2" started-at="2020-03-23T15:40:28 COT" finished-at="2020-03-23T15:40:28 COT">
          <reporter-output>
          </reporter-output>
        </test-method> <!-- validateCreateUser_time -->
      </class> <!-- com.PetStoreAPI.TestCases.TC001_CreateUser_Test -->
      <class name="com.PetStoreAPI.TestCases.TC005_LogoutUser_Test">
        <test-method status="PASS" signature="loginAPI()[pri:0, instance:com.PetStoreAPI.TestCases.TC005_LogoutUser_Test@305fd85d]" name="loginAPI" is-config="true" duration-ms="7854" started-at="2020-03-23T15:39:39 COT" finished-at="2020-03-23T15:39:47 COT">
          <reporter-output>
          </reporter-output>
        </test-method> <!-- loginAPI -->
        <test-method status="PASS" signature="validateLogout_ResponseBody()[pri:0, instance:com.PetStoreAPI.TestCases.TC005_LogoutUser_Test@305fd85d]" name="validateLogout_ResponseBody" duration-ms="18" started-at="2020-03-23T15:39:47 COT" finished-at="2020-03-23T15:39:47 COT">
          <reporter-output>
          </reporter-output>
        </test-method> <!-- validateLogout_ResponseBody -->
        <test-method status="PASS" signature="validateLogout_code()[pri:0, instance:com.PetStoreAPI.TestCases.TC005_LogoutUser_Test@305fd85d]" name="validateLogout_code" duration-ms="2" started-at="2020-03-23T15:39:47 COT" finished-at="2020-03-23T15:39:47 COT">
          <reporter-output>
          </reporter-output>
        </test-method> <!-- validateLogout_code -->
        <test-method status="PASS" signature="validateLogout_time()[pri:0, instance:com.PetStoreAPI.TestCases.TC005_LogoutUser_Test@305fd85d]" name="validateLogout_time" duration-ms="2" started-at="2020-03-23T15:39:47 COT" finished-at="2020-03-23T15:39:47 COT">
          <reporter-output>
          </reporter-output>
        </test-method> <!-- validateLogout_time -->
      </class> <!-- com.PetStoreAPI.TestCases.TC005_LogoutUser_Test -->
      <class name="com.PetStoreAPI.TestCases.TC003_fetchUserDetails_Test">
        <test-method status="PASS" signature="fetchUserDetaisl()[pri:0, instance:com.PetStoreAPI.TestCases.TC003_fetchUserDetails_Test@34cd072c]" name="fetchUserDetaisl" is-config="true" duration-ms="25814" started-at="2020-03-23T15:39:59 COT" finished-at="2020-03-23T15:40:24 COT">
          <reporter-output>
          </reporter-output>
        </test-method> <!-- fetchUserDetaisl -->
        <test-method status="FAIL" signature="validateFetchUser_ResponseCode()[pri:0, instance:com.PetStoreAPI.TestCases.TC003_fetchUserDetails_Test@34cd072c]" name="validateFetchUser_ResponseCode" duration-ms="3" started-at="2020-03-23T15:40:24 COT" finished-at="2020-03-23T15:40:24 COT">
          <exception class="java.lang.AssertionError">
            <message>
              <![CDATA[expected:<404> but was:<200>]]>
            </message>
            <full-stacktrace>
              <![CDATA[java.lang.AssertionError: expected:<404> but was:<200>
at org.testng.AssertJUnit.fail(AssertJUnit.java:47)
at org.testng.AssertJUnit.failNotEquals(AssertJUnit.java:330)
at org.testng.AssertJUnit.assertEquals(AssertJUnit.java:66)
at org.testng.AssertJUnit.assertEquals(AssertJUnit.java:213)
at org.testng.AssertJUnit.assertEquals(AssertJUnit.java:218)
at com.PetStoreAPI.TestCases.TC003_fetchUserDetails_Test.validateFetchUser_ResponseCode(TC003_fetchUserDetails_Test.java:55)
at sun.reflect.NativeMethodAccessorImpl.invoke0(Native Method)
at sun.reflect.NativeMethodAccessorImpl.invoke(NativeMethodAccessorImpl.java:62)
at sun.reflect.DelegatingMethodAccessorImpl.invoke(DelegatingMethodAccessorImpl.java:43)
at java.lang.reflect.Method.invoke(Method.java:498)
at org.testng.internal.MethodInvocationHelper.invokeMethod(MethodInvocationHelper.java:133)
at org.testng.internal.TestInvoker.invokeMethod(TestInvoker.java:584)
at org.testng.internal.TestInvoker.invokeTestMethod(TestInvoker.java:172)
at org.testng.internal.MethodRunner.runInSequence(MethodRunner.java:46)
at org.testng.internal.TestInvoker$MethodInvocationAgent.invoke(TestInvoker.java:804)
at org.testng.internal.TestInvoker.invokeTestMethods(TestInvoker.java:145)
at org.testng.internal.TestMethodWorker.invokeTestMethods(TestMethodWorker.java:146)
at org.testng.internal.TestMethodWorker.run(TestMethodWorker.java:128)
at java.util.ArrayList.forEach(ArrayList.java:1257)
at org.testng.TestRunner.privateRun(TestRunner.java:770)
at org.testng.TestRunner.run(TestRunner.java:591)
at org.testng.SuiteRunner.runTest(SuiteRunner.java:402)
at org.testng.SuiteRunner.runSequentially(SuiteRunner.java:396)
at org.testng.SuiteRunner.privateRun(SuiteRunner.java:355)
at org.testng.SuiteRunner.run(SuiteRunner.java:304)
at org.testng.SuiteRunnerWorker.runSuite(SuiteRunnerWorker.java:53)
at org.testng.SuiteRunnerWorker.run(SuiteRunnerWorker.java:96)
at org.testng.TestNG.runSuitesSequentially(TestNG.java:1180)
at org.testng.TestNG.runSuitesLocally(TestNG.java:1102)
at org.testng.TestNG.runSuites(TestNG.java:1032)
at org.testng.TestNG.run(TestNG.java:1000)
at org.testng.remote.AbstractRemoteTestNG.run(AbstractRemoteTestNG.java:115)
at org.testng.remote.RemoteTestNG.initAndRun(RemoteTestNG.java:251)
at org.testng.remote.RemoteTestNG.main(RemoteTestNG.java:77)
]]>
            </full-stacktrace>
          </exception> <!-- java.lang.AssertionError -->
          <reporter-output>
          </reporter-output>
        </test-method> <!-- validateFetchUser_ResponseCode -->
        <test-method status="PASS" signature="validateFetchUser_responseBody()[pri:0, instance:com.PetStoreAPI.TestCases.TC003_fetchUserDetails_Test@34cd072c]" name="validateFetchUser_responseBody" duration-ms="5" started-at="2020-03-23T15:40:24 COT" finished-at="2020-03-23T15:40:24 COT">
          <reporter-output>
          </reporter-output>
        </test-method> <!-- validateFetchUser_responseBody -->
        <test-method status="PASS" signature="validateFetchuser_ResponseTime()[pri:0, instance:com.PetStoreAPI.TestCases.TC003_fetchUserDetails_Test@34cd072c]" name="validateFetchuser_ResponseTime" duration-ms="2" started-at="2020-03-23T15:40:24 COT" finished-at="2020-03-23T15:40:24 COT">
          <reporter-output>
          </reporter-output>
        </test-method> <!-- validateFetchuser_ResponseTime -->
      </class> <!-- com.PetStoreAPI.TestCases.TC003_fetchUserDetails_Test -->
    </test> <!-- Test -->
  </suite> <!-- Suite -->
</testng-results>
